*------------------------------------------------------------*
* Report Log
Date:                January 07, 2024
Time:                01:44:52
*------------------------------------------------------------*
11457  *------------------------------------------------------------*;
11458  * Part: Computing statistics for class target variables;
11459  *------------------------------------------------------------*;
11460  ods listing close;
11461  ods output onewayfreqs=WORK.TEMPFREQ;
11462  proc freq data = EMWS2.FIMPORT_train order=formatted addnames;
11463  table Churn / missing;
11464  run;

NOTE: View EMWS2.FIMPORT_TRAIN.VIEW used (Total process time):
      real time           0.02 seconds
      cpu time            0.00 seconds
      
NOTE: There were 5630 observations read from the data set EMWS2.FIMPORT_DATA.
NOTE: The data set WORK.TEMPFREQ has 2 observations and 8 variables.
NOTE: There were 5630 observations read from the data set EMWS2.FIMPORT_TRAIN.
NOTE: PROCEDURE FREQ used (Total process time):
      real time           0.02 seconds
      cpu time            0.00 seconds
      

11465  quit;
11466  ods listing;
11467  data WORK.Part_BAR(keep=_VARIABLE_ TYPE COUNT PERCENT _X_ _XLABEL_);
11468  label _VARIABLE_ = "%sysfunc(sasmsg(sashelp.dmine, rpt_variable_vlabel, NOQUOTE))" Type = "%sysfunc(sasmsg(sashelp.dmine, rpt_type_vlabel,         NOQUOTE))" _X_ = "%sysfunc(sasmsg(sashelp.dmine, rpt_numValue_vlabel, NOQUOTE))" _XLABEL_ =
11469     "%sysfunc(sasmsg(sashelp.dmine, rpt_fmtValue_vlabel ,    NOQUOTE))" COUNT = "%sysfunc(sasmsg(sashelp.dmine, rpt_count_vlabel,        NOQUOTE))" PERCENT = "%sysfunc(sasmsg(sashelp.dmine, rpt_percent_vlabel,      NOQUOTE))";
11470  dsid = open("WORK.TEMPFREQ");
11471  varnum = varnum(dsid, 'VARIABLE');
11472  freqnum = varnum(dsid, 'FREQUENCY');
11473  pvarnum = varnum(dsid, 'PERCENT');
11474  typenum = varnum(dsid, '_TYPE_');
11475  length _VARIABLE_ $32 TYPE $1 _XLABEL_ $32;
11476  do while(^fetch(dsid));
11477  _VARIABLE_ = strip(getvarc(dsid, varnum));
11478  count = getvarn(dsid, freqnum);
11479  percent= getvarn(dsid, pvarnum);
11480  vvarnum = varnum(dsid, _VARIABLE_);
11481  type = vartype(dsid, vvarnum);
11482  fvarnum = varnum(dsid, 'F_'!!substr(_VARIABLE_, 1, 30));
11483  _XLABEL_ = left(getvarc(dsid, fvarnum));
11484  _X_ = .;
11485  if TYPE eq 'N' then _X_ = getvarn(dsid, vvarnum);
11486  output;
11487  end;
11488  dsid = close(dsid);
11489  run;

NOTE: The data set WORK.PART_BAR has 2 observations and 6 variables.
NOTE: DATA statement used (Total process time):
      real time           0.01 seconds
      cpu time            0.00 seconds
      

11490  proc sort data=WORK.Part_BAR NOTHREADS;
11491  by _VARIABLE_;
11492  run;

NOTE: There were 2 observations read from the data set WORK.PART_BAR.
NOTE: The data set WORK.PART_BAR has 2 observations and 6 variables.
NOTE: PROCEDURE SORT used (Total process time):
      real time           0.00 seconds
      cpu time            0.00 seconds
      

11493  proc sort data=WORK.M1FZMJ9D;
11494  by Name;
11495  run;

NOTE: There were 1 observations read from the data set WORK.M1FZMJ9D.
NOTE: The data set WORK.M1FZMJ9D has 1 observations and 21 variables.
NOTE: PROCEDURE SORT used (Total process time):
      real time           0.00 seconds
      cpu time            0.00 seconds
      

11496  data WORK.Part_BAR;
11497  merge WORK.Part_BAR(in=_a) WORK.M1FZMJ9D(keep=Name Label Role rename=(Name=_Variable_ Label=_Label_));
11498  by _Variable_;
11499  label Role = "%sysfunc(sasmsg(sashelp.dmine, meta_role_vlabel ,  NOQUOTE))";
11500  label Label = "%sysfunc(sasmsg(sashelp.dmine, meta_label_vlabel , NOQUOTE))";
11501  if _a then output;
11502  run;

NOTE: Variable Label is uninitialized.
WARNING: Multiple lengths were specified for the BY variable _VARIABLE_ by input data sets. This might cause unexpected results.
NOTE: There were 2 observations read from the data set WORK.PART_BAR.
NOTE: There were 1 observations read from the data set WORK.M1FZMJ9D.
NOTE: The data set WORK.PART_BAR has 2 observations and 8 variables.
NOTE: DATA statement used (Total process time):
      real time           0.01 seconds
      cpu time            0.00 seconds
      

11503  data EMWS2.Part_CLASS;
11504  length DATA $8;
11505  set WORK.Part_BAR;
11506  DATA = "DATA";
11507  run;

NOTE: There were 2 observations read from the data set WORK.PART_BAR.
NOTE: The data set EMWS2.PART_CLASS has 2 observations and 9 variables.
NOTE: DATA statement used (Total process time):
      real time           0.00 seconds
      cpu time            0.00 seconds
      

11508  *------------------------------------------------------------*;
11509  * Part: Computing statistics for interval target variables;
11510  *------------------------------------------------------------*;
11511  *------------------------------------------------------------*;
11512  * Part: Computing statistics for class target variables;
11513  *------------------------------------------------------------*;
11514  ods listing close;
11515  ods output onewayfreqs=WORK.TEMPFREQ;
11516  proc freq data = EMWS2.Part_TRAIN order=formatted addnames;
11517  table Churn / missing;
11518  run;

NOTE: The data set WORK.TEMPFREQ has 2 observations and 8 variables.
NOTE: There were 3939 observations read from the data set EMWS2.PART_TRAIN.
NOTE: PROCEDURE FREQ used (Total process time):
      real time           0.01 seconds
      cpu time            0.00 seconds
      

11519  quit;
11520  ods listing;
11521  data WORK.Part_BAR(keep=_VARIABLE_ TYPE COUNT PERCENT _X_ _XLABEL_);
11522  label _VARIABLE_ = "%sysfunc(sasmsg(sashelp.dmine, rpt_variable_vlabel, NOQUOTE))" Type = "%sysfunc(sasmsg(sashelp.dmine, rpt_type_vlabel,         NOQUOTE))" _X_ = "%sysfunc(sasmsg(sashelp.dmine, rpt_numValue_vlabel, NOQUOTE))" _XLABEL_ =
11523     "%sysfunc(sasmsg(sashelp.dmine, rpt_fmtValue_vlabel ,    NOQUOTE))" COUNT = "%sysfunc(sasmsg(sashelp.dmine, rpt_count_vlabel,        NOQUOTE))" PERCENT = "%sysfunc(sasmsg(sashelp.dmine, rpt_percent_vlabel,      NOQUOTE))";
11524  dsid = open("WORK.TEMPFREQ");
11525  varnum = varnum(dsid, 'VARIABLE');
11526  freqnum = varnum(dsid, 'FREQUENCY');
11527  pvarnum = varnum(dsid, 'PERCENT');
11528  typenum = varnum(dsid, '_TYPE_');
11529  length _VARIABLE_ $32 TYPE $1 _XLABEL_ $32;
11530  do while(^fetch(dsid));
11531  _VARIABLE_ = strip(getvarc(dsid, varnum));
11532  count = getvarn(dsid, freqnum);
11533  percent= getvarn(dsid, pvarnum);
11534  vvarnum = varnum(dsid, _VARIABLE_);
11535  type = vartype(dsid, vvarnum);
11536  fvarnum = varnum(dsid, 'F_'!!substr(_VARIABLE_, 1, 30));
11537  _XLABEL_ = left(getvarc(dsid, fvarnum));
11538  _X_ = .;
11539  if TYPE eq 'N' then _X_ = getvarn(dsid, vvarnum);
11540  output;
11541  end;
11542  dsid = close(dsid);
11543  run;

NOTE: The data set WORK.PART_BAR has 2 observations and 6 variables.
NOTE: DATA statement used (Total process time):
      real time           0.01 seconds
      cpu time            0.00 seconds
      

11544  proc sort data=WORK.Part_BAR NOTHREADS;
11545  by _VARIABLE_;
11546  run;

NOTE: There were 2 observations read from the data set WORK.PART_BAR.
NOTE: The data set WORK.PART_BAR has 2 observations and 6 variables.
NOTE: PROCEDURE SORT used (Total process time):
      real time           0.00 seconds
      cpu time            0.00 seconds
      

11547  proc sort data=WORK.M1FZMJ9D;
11548  by Name;
11549  run;

NOTE: Input data set is already sorted, no sorting done.
NOTE: PROCEDURE SORT used (Total process time):
      real time           0.00 seconds
      cpu time            0.00 seconds
      

11550  data WORK.Part_BAR;
11551  merge WORK.Part_BAR(in=_a) WORK.M1FZMJ9D(keep=Name Label Role rename=(Name=_Variable_ Label=_Label_));
11552  by _Variable_;
11553  label Role = "%sysfunc(sasmsg(sashelp.dmine, meta_role_vlabel ,  NOQUOTE))";
11554  label Label = "%sysfunc(sasmsg(sashelp.dmine, meta_label_vlabel , NOQUOTE))";
11555  if _a then output;
11556  run;

NOTE: Variable Label is uninitialized.
WARNING: Multiple lengths were specified for the BY variable _VARIABLE_ by input data sets. This might cause unexpected results.
NOTE: There were 2 observations read from the data set WORK.PART_BAR.
NOTE: There were 1 observations read from the data set WORK.M1FZMJ9D.
NOTE: The data set WORK.PART_BAR has 2 observations and 8 variables.
NOTE: DATA statement used (Total process time):
      real time           0.01 seconds
      cpu time            0.00 seconds
      

11557  data WORK.Part_BAR;
11558  length DATA $8;
11559  set WORK.Part_BAR;
11560  DATA = "TRAIN";
11561  run;

NOTE: There were 2 observations read from the data set WORK.PART_BAR.
NOTE: The data set WORK.PART_BAR has 2 observations and 9 variables.
NOTE: DATA statement used (Total process time):
      real time           0.00 seconds
      cpu time            0.00 seconds
      

11562  data EMWS2.Part_CLASS;
11563  set EMWS2.Part_CLASS WORK.Part_BAR;
11564  run;

NOTE: There were 2 observations read from the data set EMWS2.PART_CLASS.
NOTE: There were 2 observations read from the data set WORK.PART_BAR.
NOTE: The data set EMWS2.PART_CLASS has 4 observations and 9 variables.
NOTE: DATA statement used (Total process time):
      real time           0.01 seconds
      cpu time            0.00 seconds
      

11565  *------------------------------------------------------------*;
11566  * Part: Computing statistics for interval target variables;
11567  *------------------------------------------------------------*;
11568  *------------------------------------------------------------*;
11569  * Part: Computing statistics for class target variables;
11570  *------------------------------------------------------------*;
11571  ods listing close;
11572  ods output onewayfreqs=WORK.TEMPFREQ;
11573  proc freq data = EMWS2.Part_VALIDATE order=formatted addnames;
11574  table Churn / missing;
11575  run;

NOTE: The data set WORK.TEMPFREQ has 2 observations and 8 variables.
NOTE: There were 1691 observations read from the data set EMWS2.PART_VALIDATE.
NOTE: PROCEDURE FREQ used (Total process time):
      real time           0.00 seconds
      cpu time            0.00 seconds
      

11576  quit;
11577  ods listing;
11578  data WORK.Part_BAR(keep=_VARIABLE_ TYPE COUNT PERCENT _X_ _XLABEL_);
11579  label _VARIABLE_ = "%sysfunc(sasmsg(sashelp.dmine, rpt_variable_vlabel, NOQUOTE))" Type = "%sysfunc(sasmsg(sashelp.dmine, rpt_type_vlabel,         NOQUOTE))" _X_ = "%sysfunc(sasmsg(sashelp.dmine, rpt_numValue_vlabel, NOQUOTE))" _XLABEL_ =
11580     "%sysfunc(sasmsg(sashelp.dmine, rpt_fmtValue_vlabel ,    NOQUOTE))" COUNT = "%sysfunc(sasmsg(sashelp.dmine, rpt_count_vlabel,        NOQUOTE))" PERCENT = "%sysfunc(sasmsg(sashelp.dmine, rpt_percent_vlabel,      NOQUOTE))";
11581  dsid = open("WORK.TEMPFREQ");
11582  varnum = varnum(dsid, 'VARIABLE');
11583  freqnum = varnum(dsid, 'FREQUENCY');
11584  pvarnum = varnum(dsid, 'PERCENT');
11585  typenum = varnum(dsid, '_TYPE_');
11586  length _VARIABLE_ $32 TYPE $1 _XLABEL_ $32;
11587  do while(^fetch(dsid));
11588  _VARIABLE_ = strip(getvarc(dsid, varnum));
11589  count = getvarn(dsid, freqnum);
11590  percent= getvarn(dsid, pvarnum);
11591  vvarnum = varnum(dsid, _VARIABLE_);
11592  type = vartype(dsid, vvarnum);
11593  fvarnum = varnum(dsid, 'F_'!!substr(_VARIABLE_, 1, 30));
11594  _XLABEL_ = left(getvarc(dsid, fvarnum));
11595  _X_ = .;
11596  if TYPE eq 'N' then _X_ = getvarn(dsid, vvarnum);
11597  output;
11598  end;
11599  dsid = close(dsid);
11600  run;

NOTE: The data set WORK.PART_BAR has 2 observations and 6 variables.
NOTE: DATA statement used (Total process time):
      real time           0.00 seconds
      cpu time            0.00 seconds
      

11601  proc sort data=WORK.Part_BAR NOTHREADS;
11602  by _VARIABLE_;
11603  run;

NOTE: There were 2 observations read from the data set WORK.PART_BAR.
NOTE: The data set WORK.PART_BAR has 2 observations and 6 variables.
NOTE: PROCEDURE SORT used (Total process time):
      real time           0.01 seconds
      cpu time            0.00 seconds
      

11604  proc sort data=WORK.M1FZMJ9D;
11605  by Name;
11606  run;

NOTE: Input data set is already sorted, no sorting done.
NOTE: PROCEDURE SORT used (Total process time):
      real time           0.00 seconds
      cpu time            0.00 seconds
      

11607  data WORK.Part_BAR;
11608  merge WORK.Part_BAR(in=_a) WORK.M1FZMJ9D(keep=Name Label Role rename=(Name=_Variable_ Label=_Label_));
11609  by _Variable_;
11610  label Role = "%sysfunc(sasmsg(sashelp.dmine, meta_role_vlabel ,  NOQUOTE))";
11611  label Label = "%sysfunc(sasmsg(sashelp.dmine, meta_label_vlabel , NOQUOTE))";
11612  if _a then output;
11613  run;

NOTE: Variable Label is uninitialized.
WARNING: Multiple lengths were specified for the BY variable _VARIABLE_ by input data sets. This might cause unexpected results.
NOTE: There were 2 observations read from the data set WORK.PART_BAR.
NOTE: There were 1 observations read from the data set WORK.M1FZMJ9D.
NOTE: The data set WORK.PART_BAR has 2 observations and 8 variables.
NOTE: DATA statement used (Total process time):
      real time           0.00 seconds
      cpu time            0.00 seconds
      

11614  data WORK.Part_BAR;
11615  length DATA $8;
11616  set WORK.Part_BAR;
11617  DATA = "VALIDATE";
11618  run;

NOTE: There were 2 observations read from the data set WORK.PART_BAR.
NOTE: The data set WORK.PART_BAR has 2 observations and 9 variables.
NOTE: DATA statement used (Total process time):
      real time           0.01 seconds
      cpu time            0.00 seconds
      

11619  data EMWS2.Part_CLASS;
11620  set EMWS2.Part_CLASS WORK.Part_BAR;
11621  run;

NOTE: There were 4 observations read from the data set EMWS2.PART_CLASS.
NOTE: There were 2 observations read from the data set WORK.PART_BAR.
NOTE: The data set EMWS2.PART_CLASS has 6 observations and 9 variables.
NOTE: DATA statement used (Total process time):
      real time           0.00 seconds
      cpu time            0.00 seconds
      

11622  *------------------------------------------------------------*;
11623  * Part: Computing statistics for interval target variables;
11624  *------------------------------------------------------------*;
11625  data EMWS2.Part_CLASS(rename=(_VARIABLE_=VARIABLE _X_=VALUE _XLABEL_=FORMATTEDVALUE));
11626  label DATA = "%sysfunc(sasmsg(sashelp.dmine, rpt_data_vlabel ,   NOQUOTE))";
11627  set EMWS2.Part_CLASS;
11628  drop type role;
11629  run;

NOTE: There were 6 observations read from the data set EMWS2.PART_CLASS.
NOTE: The data set EMWS2.PART_CLASS has 6 observations and 7 variables.
NOTE: DATA statement used (Total process time):
      real time           0.00 seconds
      cpu time            0.00 seconds
      

11630  proc sort data=EMWS2.Part_CLASS NOTHREADS;
11631  by DATA;
11632  run;

NOTE: There were 6 observations read from the data set EMWS2.PART_CLASS.
NOTE: The data set EMWS2.PART_CLASS has 6 observations and 7 variables.
NOTE: PROCEDURE SORT used (Total process time):
      real time           0.00 seconds
      cpu time            0.00 seconds
      

11633  %let _cn = %sysfunc(getoption(CENTER));
11634  %let _nb = %sysfunc(getoption(NUMBER));
11635  options nonumber nocenter;
11636  proc print data=EMWS2.Part_CLASS noobs label;
11637  by DATA;
11638  title9 ' ';
11639  title10 "%sysfunc(sasmsg(sashelp.dmine, rpt_classTargetStats_title, NOQUOTE))";
11640  run;

NOTE: There were 6 observations read from the data set EMWS2.PART_CLASS.
NOTE: The PROCEDURE PRINT printed page 3.
NOTE: PROCEDURE PRINT used (Total process time):
      real time           0.03 seconds
      cpu time            0.00 seconds
      

11641  title10;
11642  options &_cn &_nb;

