*------------------------------------------------------------*
* Training Log
Date:                January 07, 2024
Time:                01:44:52
*------------------------------------------------------------*
10866  proc freq data=EMWS2.Part_VariableSet noprint;
10867  table ROLE*LEVEL/out=WORK.PartMETA;
10868  run;

NOTE: There were 16 observations read from the data set EMWS2.PART_VARIABLESET.
NOTE: The data set WORK.PARTMETA has 4 observations and 4 variables.
NOTE: PROCEDURE FREQ used (Total process time):
      real time           0.03 seconds
      cpu time            0.00 seconds
      

10869  proc print data=WORK.PartMETA label noobs;
10870  var ROLE LEVEL COUNT;
10871  label ROLE = "%sysfunc(sasmsg(sashelp.dmine, meta_role_vlabel, NOQUOTE))" LEVEL = "%sysfunc(sasmsg(sashelp.dmine, meta_level_vlabel, NOQUOTE))" COUNT = "%sysfunc(sasmsg(sashelp.dmine, rpt_count_vlabel, NOQUOTE))";
10872  title9 ' ';
10873  title10 "%sysfunc(sasmsg(sashelp.dmine, rpt_varSummary_title  , NOQUOTE))";
10874  run;

NOTE: There were 4 observations read from the data set WORK.PARTMETA.
NOTE: The PROCEDURE PRINT printed page 1.
NOTE: PROCEDURE PRINT used (Total process time):
      real time           0.01 seconds
      cpu time            0.00 seconds
      

10875  title10;

10883  *------------------------------------------------------------*;
10884  * Part: Determine number of observations;
10885  *------------------------------------------------------------*;
10886  proc sql;
10887  reset noprint;
10888  select count(*) into :_tmpa from EMWS2.FIMPORT_train
10889  ;
NOTE: View EMWS2.FIMPORT_TRAIN.VIEW used (Total process time):
      real time           0.01 seconds
      cpu time            0.01 seconds
      
NOTE: There were 5630 observations read from the data set EMWS2.FIMPORT_DATA.
10890  quit;
NOTE: PROCEDURE SQL used (Total process time):
      real time           0.03 seconds
      cpu time            0.01 seconds
      

trainPct=70 validatePct=30 testPct=0 
NOTE: View EMWS2.FIMPORT_TRAIN.VIEW used (Total process time):
      real time           0.01 seconds
      cpu time            0.00 seconds
      
10891  *------------------------------------------------------------*;
10892  * Part: Retrieving stratification variable(s) levels;
10893  *------------------------------------------------------------*;
10894  proc freq data=EMWS2.FIMPORT_train noprint;
10895  format
10896  Churn $5.
10897  ;
10898  table
10899  Churn
10900  /out=WORK.Part_FREQ(drop=percent);
10901  run;

NOTE: View EMWS2.FIMPORT_TRAIN.VIEW used (Total process time):
      real time           0.03 seconds
      cpu time            0.01 seconds
      
NOTE: There were 5630 observations read from the data set EMWS2.FIMPORT_DATA.
NOTE: There were 5630 observations read from the data set EMWS2.FIMPORT_TRAIN.
NOTE: The data set WORK.PART_FREQ has 2 observations and 2 variables.
NOTE: PROCEDURE FREQ used (Total process time):
      real time           0.03 seconds
      cpu time            0.01 seconds
      

10902  proc sort data=WORK.Part_FREQ;
10903  by descending count;
10904  run;

NOTE: There were 2 observations read from the data set WORK.PART_FREQ.
NOTE: The data set WORK.PART_FREQ has 2 observations and 2 variables.
NOTE: PROCEDURE SORT used (Total process time):
      real time           0.00 seconds
      cpu time            0.00 seconds
      

10905  * Part: Retrieving levels that meet minimum requirement;
10906  data WORK.Part_FREQ2(keep = count);
10907  set WORK.Part_FREQ;
10908  where (.01 * 70 * count) >= 3;
10909  run;

NOTE: There were 2 observations read from the data set WORK.PART_FREQ.
      WHERE (0.7*count)>=3;
NOTE: The data set WORK.PART_FREQ2 has 2 observations and 1 variables.
NOTE: DATA statement used (Total process time):
      real time           0.00 seconds
      cpu time            0.00 seconds
      

10910  *------------------------------------------------------------*;
10911  * Part: Create stratified partitioning;
10912  *------------------------------------------------------------*;
10913  data
10914  EMWS2.Part_TRAIN(label="")
10915  EMWS2.Part_VALIDATE(label="")
10916  ;
10917  retain _seed_ 12345;
10918  drop _seed_ _genvalue_;
10919  call ranuni(_seed_, _genvalue_);
10920  label _dataobs_ = "%sysfunc(sasmsg(sashelp.dmine, sample_dataobs_vlabel, NOQUOTE))";
10921  _dataobs_ = _N_;
10922  drop _c00:;
10923  set EMWS2.FIMPORT_train;
10924  length _Pformat1 $55;
10925  drop _Pformat1;
10926  _Pformat1 = strip(put(Churn, $5.));
10927  if
10928  _Pformat1 = 'false'
10929  then do;
10930  if (4682+1-_C000003)*_genvalue_ <= (3277 - _C000001) then do;
10931  _C000001 + 1;
10932  output EMWS2.Part_TRAIN;
10933  end;
10934  else do;
10935  _C000002 + 1;
10936  output EMWS2.Part_VALIDATE;
10937  end;
10938  _C000003+1;
10939  end;
10940  else if
10941  _Pformat1 = 'true'
10942  then do;
10943  if (948+1-_C000006)*_genvalue_ <= (664 - _C000004) then do;
10944  _C000004 + 1;
10945  output EMWS2.Part_TRAIN;
10946  end;
10947  else do;
10948  _C000005 + 1;
10949  output EMWS2.Part_VALIDATE;
10950  end;
10951  _C000006+1;
10952  end;
10953  run;

NOTE: View EMWS2.FIMPORT_TRAIN.VIEW used (Total process time):
      real time           0.01 seconds
      cpu time            0.00 seconds
      
NOTE: There were 5630 observations read from the data set EMWS2.FIMPORT_DATA.
NOTE: There were 5630 observations read from the data set EMWS2.FIMPORT_TRAIN.
NOTE: The data set EMWS2.PART_TRAIN has 3939 observations and 17 variables.
NOTE: The data set EMWS2.PART_VALIDATE has 1691 observations and 17 variables.
NOTE: DATA statement used (Total process time):
      real time           0.03 seconds
      cpu time            0.00 seconds
      

10954  data _tempNobs;
10955  length Type $8 Table $32 Nobs 8;
10956  label type= "%sysfunc(sasmsg(sashelp.dmine, meta_type_vlabel,    NOQUOTE))" table = "%sysfunc(sasmsg(sashelp.dmine, meta_dataset_vlabel, NOQUOTE))" nobs = "%sysfunc(sasmsg(sashelp.dmine,  rpt_numObs_vlabel,   NOQUOTE))";
10957  type='DATA';
10958  table="EMWS2.FIMPORT_train";
10959  Nobs=5630;
10960  output;
10961  type='TRAIN';
10962  table="EMWS2.Part_TRAIN";
10963  Nobs=3939;
10964  output;
10965  type='VALIDATE';
10966  table="EMWS2.Part_VALIDATE";
10967  Nobs=1691;
10968  output;
10969  run;

NOTE: The data set WORK._TEMPNOBS has 3 observations and 3 variables.
NOTE: DATA statement used (Total process time):
      real time           0.00 seconds
      cpu time            0.00 seconds
      

10970  %let _cn = %sysfunc(getoption(CENTER));
10971  %let _nb = %sysfunc(getoption(NUMBER));
10972  options nonumber nocenter;
10973  proc print data=_tempNobs noobs label;
10974  title9 ' ';
10975  title10 "%sysfunc(sasmsg(sashelp.dmine, rpt_partitionSummary_title, NOQUOTE))";
10976  run;

NOTE: There were 3 observations read from the data set WORK._TEMPNOBS.
NOTE: The PROCEDURE PRINT printed page 2.
NOTE: PROCEDURE PRINT used (Total process time):
      real time           0.00 seconds
      cpu time            0.00 seconds
      

10977  title10;
10978  options &_cn &_nb;
10979  run;

