*------------------------------------------------------------*
* Report Log
Date:                January 07, 2024
Time:                01:57:53
*------------------------------------------------------------*
16930  data EMWS2.HPDMForest_EMOUTFIT;
16931  set EMWS2.HPDMForest_EMOUTFIT;
16932  length TargetLabel $200;
16933  label targetLabel = "%sysfunc(sasmsg(sashelp.dmine, meta_targetlabel_vlabel, NOQUOTE))";
16934  run;

NOTE: Variable TargetLabel is uninitialized.
NOTE: There were 1 observations read from the data set EMWS2.HPDMFOREST_EMOUTFIT.
NOTE: The data set EMWS2.HPDMFOREST_EMOUTFIT has 1 observations and 20 variables.
NOTE: DATA statement used (Total process time):
      real time           0.00 seconds
      cpu time            0.00 seconds
      

16935  proc sort data=EMWS2.HPDMForest_EMREPORTFIT nothreads;
16936  by TARGET;
16937  run;

NOTE: There were 9 observations read from the data set EMWS2.HPDMFOREST_EMREPORTFIT.
NOTE: The data set EMWS2.HPDMFOREST_EMREPORTFIT has 9 observations and 7 variables.
NOTE: PROCEDURE SORT used (Total process time):
      real time           0.00 seconds
      cpu time            0.00 seconds
      

16938  %let _EMwarndup = 0;
16939  %let _EMtargetdup =;
16940  %let _EMASEtargetdup =;
16941  data _null_;
16942  set EMWS2.HPDMForest_EMOUTFIT;
16943  if .<_ASE_<0.000001 then do;
16944  call symput('_EMwarndup', '1');
16945  call symput('_EMtargetdup', target);
16946  call symput('_EMASEtargetdup', put(_ASE_, best.));
16947  end;
16948  run;

NOTE: There were 1 observations read from the data set EMWS2.HPDMFOREST_EMOUTFIT.
NOTE: DATA statement used (Total process time):
      real time           0.01 seconds
      cpu time            0.01 seconds
      

16949  %let EMEXCEPTIONSTRING=;
16950  *------------------------------------------------------------*;
16951  * REPORT: HPDMForest;
16952  *------------------------------------------------------------*;
16953  %let EM_ACTION = REPORT;
16954  %let syscc = 0;
16955  %macro main;
16956  
16957     %if %upcase(&EM_ACTION) = CREATE %then %do;
16958         filename temp catalog 'sashelp.hpdm.hpdmforest_create.source';
16959         %include temp;
16960         filename temp;
16961         %hpdm_Forest_create;
16962     %end;
16963     %else
16964     %if %upcase(&EM_ACTION) = TRAIN %then %do;
16965         filename temp catalog 'sashelp.hpdm.hpdmforest_train.source';
16966         %include temp;
16967         filename temp;
16968         %hpdm_Forest_train;
16969     %end;
16970     %else
16971     %if %upcase(&EM_ACTION) = SCORE %then %do;
16972         filename temp catalog 'sashelp.hpdm.hpdmforest_score.source';
16973         %include temp;
16974         filename temp;
16975         %hpdm_Forest_score;
16976     %end;
16977     %else
16978     %if %upcase(&EM_ACTION) = REPORT %then %do;
16979         filename temp catalog 'sashelp.hpdm.hpdmforest_report.source';
16980         %include temp;
16981         filename temp;
16982         %hpdm_Forest_report;
16983     %end;
16984     %else
16985  
16986  %mend main;
16987  
16988  %main;
NOTE: %INCLUDE (level 1) file TEMP is file SASHELP.HPDM.HPDMFOREST_REPORT.SOURCE.
16989 +%Macro hpdm_Forest_report;
16991 +   /* Baseline Table */
16992 +   %EM_GETNAME(KEY=BASELINE, TYPE=DATA);
16993 +   data &EM_USER_BASELINE;
16994 +     set &EM_USER_BASELINE;
16995 +     label statistic  = "%sysfunc(sasmsg(sashelp.dmine, rpt_rptstatistic_vlabel ,  NOQUOTE))"
16996 +           value      = "%sysfunc(sasmsg(sashelp.dmine, rpt_roletrain_value,  NOQUOTE))"
16997 +           validation   = "%sysfunc(sasmsg(sashelp.dmine, rpt_validate_vlabel,  NOQUOTE))"
16998 +     ;
16999 +   run;
17000 +   %EM_REPORT(key=BASELINE, viewtype=DATA, block=MODEL, description=BASELINE, autodisplay=N);
17002 +   /* Iteration Table */
17003 +   %EM_GETNAME(KEY=ITERATION, TYPE=DATA);
17004 +   data &EM_USER_ITERATION;
17005 +     set &EM_USER_ITERATION;
17006 +     label Ntrees = "%sysfunc(sasmsg(sashelp.dmine, rpt_hpnumtrees_vlabel,  NOQUOTE))"
17007 +           NLeaves = "%sysfunc(sasmsg(sashelp.dmine, rpt_nleaves_vlabel,  NOQUOTE))"
17008 +           MiscAll = "%sysfunc(sasmsg(sashelp.dmine, rpt_miscall_vlabel,  NOQUOTE))"
17009 +           MiscOob = "%sysfunc(sasmsg(sashelp.dmine, rpt_miscoob_vlabel,  NOQUOTE))"
17010 +           MiscValid = "%sysfunc(sasmsg(sashelp.dmine, rpt_miscvalid_vlabel,  NOQUOTE))"
17011 +           PredAll = "%sysfunc(sasmsg(sashelp.dmine, rpt_predall_vlabel,  NOQUOTE))"
17012 +           PredOob = "%sysfunc(sasmsg(sashelp.dmine, rpt_predoob_vlabel,  NOQUOTE))"
17013 +           PredValid = "%sysfunc(sasmsg(sashelp.dmine, rpt_predvalid_vlabel,  NOQUOTE))"
17014 +           LogLossAll = "%sysfunc(sasmsg(sashelp.dmine, rpt_loglossall_vlabel,  NOQUOTE))"
17015 +           LogLossOob = "%sysfunc(sasmsg(sashelp.dmine, rpt_loglossoob_vlabel,  NOQUOTE))"
17016 +           LogLossValid = "%sysfunc(sasmsg(sashelp.dmine, rpt_loglossvalid_vlabel,  NOQUOTE))"
17017 +           ;
17018 +   run;
17019 +   %EM_REPORT(key=ITERATION, viewtype=DATA, block=MODEL, description=HPFORESTITERHIST, autodisplay=Y);
17021 +   /* Iteration Plots */
17023 +   /* if run on the grid, the iteration information is not retained therefore we do not want to generate the plots */
17024 +   %let iterdsid = %sysfunc(open(&EM_USER_ITERATION));
17025 +   %let iternum=0;
17026 +   %if &iterdsid %then %do;
17027 +     %let iternum = %sysfunc(ATTRN(&iterdsid, NOBS));
17028 +   %end;
17029 +   %if &iterdsid ne %then %let iterdsid = %sysfunc(close(&iterdsid));
17031 +   %if &iternum > 1 %then %do;
17032 +     %EM_GETNAME(KEY=ITERPLOT, TYPE=DATA);
17034 +     %if "%EM_TARGET_LEVEL" ne "INTERVAL" %then %do;
17036 +       /* determine if miscoob is in iteration table */
17037 +       %local miscoob miscvalid;
17038 +       data _null_;
17039 +         set &EM_USER_ITERATION (obs=2) end=eof;
17040 +         if eof then do;
17041 +           call symput("miscoob"  , strip(put(miscoob, best.)));
17042 +           call symput("miscvalid"  , strip(put(miscvalid, best.)));
17043 +         end;
17044 +       run;
17046 +       data &EM_USER_ITERPLOT;
17047 +         length DataSource $32;
17048 +         set &EM_USER_ITERATION(in=_a rename=(MISCALL=_MISC_ PREDALL=_ASE_) keep=MISCALL PREDALL NTREES)
17049 +            /* if leafFraction=1 then OOB values are not generated */
17050 +            %if ((&EM_PROPERTY_TRAINFRACTION ne 1.0) AND ("&miscoob" ne ".")) %then %do;
17051 +              &EM_USER_ITERATION(in=_b rename=(MISCOOB =_MISC_ PREDOOB=_ASE_) keep=MISCOOB PREDOOB NTREES)
17052 +            %end;
17053 +            %if ("&miscvalid" ne ".") %then %do;
17054 +              &EM_USER_ITERATION(in=_c rename=(MISCvalid =_MISC_ PREDValid=_ASE_) keep=MISCvalid PREDvalid NTREES)
17055 +            %end;
17056 +         ;
17057 +         if _a then do;
17058 +           DataSource = "%sysfunc(sasmsg(sashelp.dmine, rpt_roletrain_value,  NOQUOTE))";
17059 +         end;
17060 +         else if _b then do;
17061 +           DataSource = "%sysfunc(sasmsg(sashelp.dmine, rpt_outofbag_vlabel,  NOQUOTE))";
17062 +         end;
17063 +         else if _c then do;
17064 +            DataSource = "%sysfunc(sasmsg(sashelp.dmine, rpt_rolevalidate_value,  NOQUOTE))";
17065 +         end;
17066 +         label _MISC_ = "%sysfunc(sasmsg(sashelp.dmine, rpt_misclassrate_vlabel,  NOQUOTE))"
17067 +               datasource="%sysfunc(sasmsg(sashelp.dmine, meta_datasource_vlabel,  NOQUOTE))"
17068 +               _ASE_  = "%sysfunc(sasmsg(sashelp.dmine, stat_ase_vlabel,  NOQUOTE))";
17069 +         keep ntrees datasource _MISC_ _ASE_;
17070 +       run;
17072 +       %EM_REPORT(key=ITERPLOT, viewtype=LINEPLOT, block=MODEL, view=1, X=NTrees, Y=_MISC_, group=DataSource, autodisplay=Y, Description=HPFORESTITERPLOT);
17073 +       %EM_REPORT(VIEW=1, Y=_ASE_);
17074 +      %end;
17075 +      %else %do;
17076 +       /* determine if predoob is in iteration table */
17077 +       %local predoob predvalid;
17078 +       data _null_;
17079 +         set &EM_USER_ITERATION (obs=2) end=eof;
17080 +         if eof then do;
17081 +           call symput("predoob"  , strip(put(predoob, best.)));
17082 +           call symput("predvalid"  , strip(put(predvalid, best.)));
17083 +         end;
17084 +       run;
17085 +       data &EM_USER_ITERPLOT;
17086 +         length DataSource $32;
17087 +         set &EM_USER_ITERATION(in=_a rename=(PREDALL=_ASE_) keep=PREDALL NTREES)
17088 +            /* if leafFraction=1 then OOB values are not generated */
17089 +            %if ((&EM_PROPERTY_TRAINFRACTION ne 1.0) AND ("&predoob" ne ".")) %then %do;
17090 +              &EM_USER_ITERATION(in=_b rename=(PREDOOB=_ASE_) keep= PREDOOB NTREES)
17091 +            %end;
17092 +            %if ("&predvalid" ne ".") %then %do;
17093 +              &EM_USER_ITERATION(in=_c rename=(PREDvalid=_ASE_) keep= PREDvalid NTREES)
17094 +            %end;
17095 +         ;
17096 +         if _a then do;
17097 +           DataSource = "%sysfunc(sasmsg(sashelp.dmine, rpt_roletrain_value,  NOQUOTE))";
17098 +         end;
17099 +         else if _b then do;
17100 +           DataSource = "%sysfunc(sasmsg(sashelp.dmine, rpt_outofbag_vlabel,  NOQUOTE))";
17101 +         end;
17102 +         else if _c then do;
17103 +           DataSource = "%sysfunc(sasmsg(sashelp.dmine, rpt_rolevalidate_value,  NOQUOTE))";
17104 +         end;
17105 +         label _ASE_  = "%sysfunc(sasmsg(sashelp.dmine, stat_ase_vlabel,  NOQUOTE))"
17106 +               datasource="%sysfunc(sasmsg(sashelp.dmine, meta_datasource_vlabel,  NOQUOTE))"
17107 +         ;
17108 +         keep ntrees datasource _ASE_;
17109 +       run;
17111 +       %EM_REPORT(key=ITERPLOT, viewtype=LINEPLOT, block=MODEL, view=1, X=NTrees, Y=_ASE_, group=DataSource, autodisplay=Y, Description=HPFORESTITERPLOT);
17112 +       /* %EM_REPORT(VIEW=1, Y=_ASE_); */
17113 +      %end;
17115 +      /* calculate number of leaves in each tree vs cumulative counts and generate plotting table */
17116 +      data work.tempLeavesBase(keep= NTrees NLeavesBase) work.tempLeavesInc(keep=NTrees NLeavesPerTree);
17117 +        set &EM_USER_ITERATION;
17118 +        length NLeavesPerTree NLeavesBase 8;
17120 +        retain previousN;
17122 +        if _N_=1 then do;
17123 +         previousN=NLeaves;
17124 +         NLeavesPerTree=0;
17125 +         NLeavesBase=NLeaves;
17126 +        end;
17127 +        else do;
17128 +          NLeavesPerTree=NLeaves - PreviousN;
17129 +          NLeavesBase = previousN;
17130 +          previousN=Nleaves;
17131 +        end;
17133 +        output work.tempLeavesBase;
17134 +        output work.tempLeavesInc;
17135 +      run;
17137 +      %EM_GETNAME(KEY=LEAFPLOT, TYPE=DATA);
17138 +      data &EM_USER_LEAFPLOT;
17139 +        length group $20;
17140 +        set work.tempLeavesBase(in=_a rename=(NLeavesBase=NLeaves)) work.tempLeavesInc(rename=(NLeavesPerTree=NLeaves));
17141 +        if _a then
17142 +         group="%sysfunc(sasmsg(sashelp.dmine, rpt_base_vlabel,  NOQUOTE))";
17143 +        else
17144 +         group="%sysfunc(sasmsg(sashelp.dmine, rpt_increment_vlabel,  NOQUOTE))";
17145 +        label group="%sysfunc(sasmsg(sashelp.dmine, rpt_group_vlabel,  NOQUOTE))"
17146 +              NLeaves = "%sysfunc(sasmsg(sashelp.dmine, rpt_nleaves_vlabel,  NOQUOTE))";
17147 +      run;
17149 +      proc datasets library=work nolist;
17150 +        delete tempLeavesBase tempLeavesInc;
17151 +      run;
17152 +      quit;
17153 +      %EM_REPORT(key=LEAFPLOT, viewtype=BAR, X=NTREES, FREQ=NLEAVES, group=group, BLOCK=MODEL, Description=HPFORESTLEAFPLOT, Autodisplay=Y);
17154 +      %EM_REPORT(key=LEAFPLOT, where=%nrbquote(group="%sysfunc(sasmsg(sashelp.dmine, rpt_increment_vlabel,  NOQUOTE))"), viewtype=histogram, x=NLEAVES, BLOCK=MODEL, Description=LEAFSTATS, Autodisplay=Y);
17156 +   %end;
17158 +   /* Variable Importance Table */
17159 +   %EM_GETNAME(KEY=VARIMPORT, TYPE=DATA);
17161 +   proc sort data=&EM_DATA_VARIABLESET out=tempvarset(keep=NAME LABEL rename=(NAME=VARIABLE));
17162 +     by NAME;
17163 +     where ((ROLE='INPUT' and USE in('Y', 'D')) or ROLE='REJECTED' and USE='Y');
17164 +   run;
17165 +   data tempvarset;
17166 +     length _upvar $32;
17167 +     set tempvarset;
17168 +     _upvar=upcase(variable);
17169 +   run;
17170 +   proc sort data=tempvarset; by _upvar ; run;
17172 +   data &EM_USER_VARIMPORT; length _upvar $32; set &EM_USER_VARIMPORT; _upvar=upcase(variable); run;
17173 +   proc sort data=&EM_USER_VARIMPORT; by _upvar; run;
17175 +   data &EM_USER_VARIMPORT;
17176 +     merge &EM_USER_VARIMPORT(in=_a) tempvarset;
17177 +     by _upvar;
17178 +     if _a;
17179 +     label Variable="%sysfunc(sasmsg(sashelp.dmine, meta_name_vlabel, NOQUOTE))"
17180 +           NRules="%sysfunc(sasmsg(sashelp.dmine, rpt_nrules_vlabel, NOQUOTE))"
17181 +            %if "%EM_TARGET_LEVEL" ne "INTERVAL" %then %do;
17182 +               Gini ="%sysfunc(sasmsg(sashelp.dmine, rpt_forestgini_vlabel, NOQUOTE))"
17183 +               GiniOOB = "%sysfunc(sasmsg(sashelp.dmine, rpt_forestginioob_vlabel, NOQUOTE))"
17184 +               GiniValid = "%sysfunc(sasmsg(sashelp.dmine, rpt_forestginivalid_vlabel, NOQUOTE))"
17185 +               Margin= "%sysfunc(sasmsg(sashelp.dmine, rpt_forest_margin_vlabel, NOQUOTE))"
17186 +               MarginOOB = "%sysfunc(sasmsg(sashelp.dmine, rpt_forest_marginoob_vlabel, NOQUOTE))"
17187 +               MarginValid = "%sysfunc(sasmsg(sashelp.dmine, rpt_forest_marginvalid_vlabel, NOQUOTE))"
17188 +               %if "&EM_PROPERTY_VARSELECT" eq "Y" and "&EM_PROPERTY_VIMETHOD" = "RBA" %then %do;
17189 +                  MarginRBA = "%sysfunc(sasmsg(sashelp.dmine, rpt_forest_marginrba_vlabel, NOQUOTE))"
17190 +                  MSERBA = "%sysfunc(sasmsg(sashelp.dmine, rpt_forest_mserba_vlabel, NOQUOTE))"
17191 +               %end;
17192 +            %end;
17193 +            %else %do;
17194 +               MSE ="%sysfunc(sasmsg(sashelp.dmine, rpt_forestmse_vlabel, NOQUOTE))"
17195 +               MSEOOB = "%sysfunc(sasmsg(sashelp.dmine, rpt_forestmseoob_vlabel, NOQUOTE))"
17196 +               MSEValid = "%sysfunc(sasmsg(sashelp.dmine, rpt_forestmsevalid_vlabel, NOQUOTE))"
17197 +               AAE= "%sysfunc(sasmsg(sashelp.dmine, rpt_forestaae_vlabel, NOQUOTE))"
17198 +               AAEOOB = "%sysfunc(sasmsg(sashelp.dmine, rpt_forestaaeoob_vlabel, NOQUOTE))"
17199 +               AAEValid = "%sysfunc(sasmsg(sashelp.dmine, rpt_forestaaevalid_vlabel, NOQUOTE))"
17200 +               %if "&EM_PROPERTY_VARSELECT" eq "Y" and "&EM_PROPERTY_VIMETHOD" = "RBA" %then %do;
17201 +                  AAERBA = "%sysfunc(sasmsg(sashelp.dmine, rpt_forest_aaerba_vlabel, NOQUOTE))"
17202 +                  MSERBA = "%sysfunc(sasmsg(sashelp.dmine, rpt_forest_mserba_vlabel, NOQUOTE))"
17203 +               %end;
17204 +            %end;
17205 +     ;
17206 +     drop _upvar;
17207 +   run;
17208 +   proc sort data=&EM_USER_VARIMPORT; by descending NRULES; run;
17209 +   %EM_REPORT(key=VARIMPORT, viewtype=DATA, block=MODEL, description=IMPORTANCE, autodisplay=Y);
17211 +   %em_getname(key=OUTMDLFILE, type=FILE, extension=bin);
17212 +   /* Include in SPK but not report */
17213 +   %EM_REPORT(viewtype=, key=OUTMDLFILE);
17215 +%Mend hpdm_Forest_report;
NOTE: %INCLUDE (level 1) ending.
NOTE: Fileref TEMP has been deassigned.

NOTE: There were 3 observations read from the data set EMWS2.HPDMFOREST_BASELINE.
NOTE: The data set EMWS2.HPDMFOREST_BASELINE has 3 observations and 3 variables.
NOTE: DATA statement used (Total process time):
      real time           0.00 seconds
      cpu time            0.00 seconds
      


NOTE: The data set WORK.EM_USER_REPORT has 132 observations and 4 variables.
NOTE: DATA statement used (Total process time):
      real time           0.03 seconds
      cpu time            0.03 seconds
      


NOTE: There were 100 observations read from the data set EMWS2.HPDMFOREST_ITERATION.
NOTE: The data set EMWS2.HPDMFOREST_ITERATION has 100 observations and 11 variables.
NOTE: DATA statement used (Total process time):
      real time           0.01 seconds
      cpu time            0.00 seconds
      


NOTE: There were 132 observations read from the data set WORK.EM_USER_REPORT.
NOTE: The data set WORK.EM_USER_REPORT has 264 observations and 4 variables.
NOTE: DATA statement used (Total process time):
      real time           0.01 seconds
      cpu time            0.01 seconds
      


NOTE: There were 2 observations read from the data set EMWS2.HPDMFOREST_ITERATION.
NOTE: DATA statement used (Total process time):
      real time           0.00 seconds
      cpu time            0.00 seconds
      


NOTE: There were 100 observations read from the data set EMWS2.HPDMFOREST_ITERATION.
NOTE: There were 100 observations read from the data set EMWS2.HPDMFOREST_ITERATION.
NOTE: There were 100 observations read from the data set EMWS2.HPDMFOREST_ITERATION.
NOTE: The data set EMWS2.HPDMFOREST_ITERPLOT has 300 observations and 4 variables.
NOTE: DATA statement used (Total process time):
      real time           0.01 seconds
      cpu time            0.01 seconds
      


NOTE: There were 264 observations read from the data set WORK.EM_USER_REPORT.
NOTE: The data set WORK.EM_USER_REPORT has 397 observations and 4 variables.
NOTE: DATA statement used (Total process time):
      real time           0.01 seconds
      cpu time            0.01 seconds
      


NOTE: There were 397 observations read from the data set WORK.EM_USER_REPORT.
NOTE: The data set WORK.EM_USER_REPORT has 530 observations and 4 variables.
NOTE: DATA statement used (Total process time):
      real time           0.01 seconds
      cpu time            0.00 seconds
      


NOTE: There were 100 observations read from the data set EMWS2.HPDMFOREST_ITERATION.
NOTE: The data set WORK.TEMPLEAVESBASE has 100 observations and 2 variables.
NOTE: The data set WORK.TEMPLEAVESINC has 100 observations and 2 variables.
NOTE: DATA statement used (Total process time):
      real time           0.01 seconds
      cpu time            0.01 seconds
      


NOTE: There were 100 observations read from the data set WORK.TEMPLEAVESBASE.
NOTE: There were 100 observations read from the data set WORK.TEMPLEAVESINC.
NOTE: The data set EMWS2.HPDMFOREST_LEAFPLOT has 200 observations and 3 variables.
NOTE: DATA statement used (Total process time):
      real time           0.00 seconds
      cpu time            0.00 seconds
      


NOTE: Deleting WORK.TEMPLEAVESBASE (memtype=DATA).
NOTE: Deleting WORK.TEMPLEAVESINC (memtype=DATA).

NOTE: PROCEDURE DATASETS used (Total process time):
      real time           0.01 seconds
      cpu time            0.00 seconds
      


NOTE: There were 530 observations read from the data set WORK.EM_USER_REPORT.
NOTE: The data set WORK.EM_USER_REPORT has 662 observations and 4 variables.
NOTE: DATA statement used (Total process time):
      real time           0.01 seconds
      cpu time            0.01 seconds
      


NOTE: There were 662 observations read from the data set WORK.EM_USER_REPORT.
NOTE: The data set WORK.EM_USER_REPORT has 795 observations and 4 variables.
NOTE: DATA statement used (Total process time):
      real time           0.01 seconds
      cpu time            0.01 seconds
      


NOTE: There were 14 observations read from the data set EMWS2.HPDMFOREST_VARIABLESET.
      WHERE ((ROLE='INPUT') and USE in ('D', 'Y')) or ((ROLE='REJECTED') and (USE='Y'));
NOTE: The data set WORK.TEMPVARSET has 14 observations and 2 variables.
NOTE: PROCEDURE SORT used (Total process time):
      real time           0.01 seconds
      cpu time            0.00 seconds
      


NOTE: There were 14 observations read from the data set WORK.TEMPVARSET.
NOTE: The data set WORK.TEMPVARSET has 14 observations and 3 variables.
NOTE: DATA statement used (Total process time):
      real time           0.00 seconds
      cpu time            0.00 seconds
      


NOTE: There were 14 observations read from the data set WORK.TEMPVARSET.
NOTE: The data set WORK.TEMPVARSET has 14 observations and 3 variables.
NOTE: PROCEDURE SORT used (Total process time):
      real time           0.01 seconds
      cpu time            0.00 seconds
      


NOTE: There were 14 observations read from the data set EMWS2.HPDMFOREST_VARIMPORT.
NOTE: The data set EMWS2.HPDMFOREST_VARIMPORT has 14 observations and 9 variables.
NOTE: DATA statement used (Total process time):
      real time           0.00 seconds
      cpu time            0.00 seconds
      


NOTE: There were 14 observations read from the data set EMWS2.HPDMFOREST_VARIMPORT.
NOTE: The data set EMWS2.HPDMFOREST_VARIMPORT has 14 observations and 9 variables.
NOTE: PROCEDURE SORT used (Total process time):
      real time           0.00 seconds
      cpu time            0.00 seconds
      


NOTE: There were 14 observations read from the data set EMWS2.HPDMFOREST_VARIMPORT.
NOTE: There were 14 observations read from the data set WORK.TEMPVARSET.
NOTE: The data set EMWS2.HPDMFOREST_VARIMPORT has 14 observations and 9 variables.
NOTE: DATA statement used (Total process time):
      real time           0.01 seconds
      cpu time            0.00 seconds
      


NOTE: There were 14 observations read from the data set EMWS2.HPDMFOREST_VARIMPORT.
NOTE: The data set EMWS2.HPDMFOREST_VARIMPORT has 14 observations and 9 variables.
NOTE: PROCEDURE SORT used (Total process time):
      real time           0.00 seconds
      cpu time            0.00 seconds
      


NOTE: There were 795 observations read from the data set WORK.EM_USER_REPORT.
NOTE: The data set WORK.EM_USER_REPORT has 927 observations and 4 variables.
NOTE: DATA statement used (Total process time):
      real time           0.03 seconds
      cpu time            0.01 seconds
      


NOTE: There were 927 observations read from the data set WORK.EM_USER_REPORT.
NOTE: The data set WORK.EM_USER_REPORT has 1059 observations and 4 variables.
NOTE: DATA statement used (Total process time):
      real time           0.01 seconds
      cpu time            0.01 seconds
      

17216  
17217  *------------------------------------------------------------*;
17218  * End REPORT: HPDMForest;
17219  *------------------------------------------------------------*;

17220  /* Reset EM Options */
17221  options formchar="|----|+|---+=|-/\<>*";
17222  options nocenter ls=256 ps=10000;
17223  goptions reset=all device=GIF NODISPLAY;

17224  proc sort data=WORK.EM_USER_REPORT;
17225  by ID VIEW;
17226  run;

NOTE: There were 1059 observations read from the data set WORK.EM_USER_REPORT.
NOTE: The data set WORK.EM_USER_REPORT has 1059 observations and 4 variables.
NOTE: PROCEDURE SORT used (Total process time):
      real time           0.00 seconds
      cpu time            0.00 seconds
      

17227  proc sort data=EMWS2.Part_CMeta_TRAIN out=WORK.SUBSETINMETA;
17228  by NAME;
17229  run;

NOTE: There were 17 observations read from the data set EMWS2.PART_CMETA_TRAIN.
NOTE: The data set WORK.SUBSETINMETA has 17 observations and 20 variables.
NOTE: PROCEDURE SORT used (Total process time):
      real time           0.00 seconds
      cpu time            0.00 seconds
      

17230  proc sort data=EMWS2.HPDMForest_VariableSet out=WORK.SUBSETVARSET(keep=NAME REPORT);
17231  by NAME;
17232  run;

NOTE: There were 17 observations read from the data set EMWS2.HPDMFOREST_VARIABLESET.
NOTE: The data set WORK.SUBSETVARSET has 17 observations and 2 variables.
NOTE: PROCEDURE SORT used (Total process time):
      real time           0.01 seconds
      cpu time            0.00 seconds
      

17233  data WORK.ASSESS_META;
17234  merge WORK.SUBSETINMETA WORK.SUBSETVARSET;
17235  by NAME;
17236  run;

NOTE: There were 17 observations read from the data set WORK.SUBSETINMETA.
NOTE: There were 17 observations read from the data set WORK.SUBSETVARSET.
NOTE: The data set WORK.ASSESS_META has 17 observations and 20 variables.
NOTE: DATA statement used (Total process time):
      real time           0.00 seconds
      cpu time            0.00 seconds
      

17237  data EM_temp_assessMeta;
17238  set EMWS2.HPDMForest_CMeta_TRAIN;
17239  where role in('DECISION', 'PREDICT', 'RESIDUAL', 'CLASSIFICATION', 'ASSESS', 'COST');
17240  run;

NOTE: There were 8 observations read from the data set EMWS2.HPDMFOREST_CMETA_TRAIN.
      WHERE role in ('ASSESS', 'CLASSIFICATION', 'COST', 'DECISION', 'PREDICT', 'RESIDUAL');
NOTE: The data set WORK.EM_TEMP_ASSESSMETA has 8 observations and 21 variables.
NOTE: DATA statement used (Total process time):
      real time           0.01 seconds
      cpu time            0.00 seconds
      

17241  data EM_temp_assessdata;
17242  set EMWS2.HPDMForest_TRAIN(keep=
17243  F_Churn
17244  I_Churn
17245  P_ChurnFALSE
17246  P_ChurnTRUE
17247  R_Churnfalse
17248  R_Churntrue
17249  U_Churn
17250  _WARN_
17251  Churn
17252  );
17253  run;

NOTE: There were 3939 observations read from the data set EMWS2.HPDMFOREST_TRAIN.
NOTE: The data set WORK.EM_TEMP_ASSESSDATA has 3939 observations and 9 variables.
NOTE: DATA statement used (Total process time):
      real time           0.00 seconds
      cpu time            0.00 seconds
      
















21534  data EM_temp_assessMeta;
21535  set EMWS2.HPDMForest_CMeta_TRAIN;
21536  where role in('DECISION', 'PREDICT', 'RESIDUAL', 'CLASSIFICATION', 'ASSESS', 'COST');
21537  run;

NOTE: There were 8 observations read from the data set EMWS2.HPDMFOREST_CMETA_TRAIN.
      WHERE role in ('ASSESS', 'CLASSIFICATION', 'COST', 'DECISION', 'PREDICT', 'RESIDUAL');
NOTE: The data set WORK.EM_TEMP_ASSESSMETA has 8 observations and 21 variables.
NOTE: DATA statement used (Total process time):
      real time           0.00 seconds
      cpu time            0.00 seconds
      

21538  data EM_temp_assessdata;
21539  set EMWS2.HPDMForest_VALIDATE(keep=
21540  F_Churn
21541  I_Churn
21542  P_ChurnFALSE
21543  P_ChurnTRUE
21544  R_Churnfalse
21545  R_Churntrue
21546  U_Churn
21547  _WARN_
21548  Churn
21549  );
21550  run;

NOTE: There were 1691 observations read from the data set EMWS2.HPDMFOREST_VALIDATE.
NOTE: The data set WORK.EM_TEMP_ASSESSDATA has 1691 observations and 9 variables.
NOTE: DATA statement used (Total process time):
      real time           0.01 seconds
      cpu time            0.00 seconds
      
















25840   %let _cn = %sysfunc(getoption(CENTER));
25841   options nocenter;
25842   proc print data=EMWS2.HPDMForest_EMREPORTFIT noobs label;
25843   var STAT LABEL TRAIN
25844   VALIDATE
25845   ;
25846   by TARGET TARGETLABEL;
25847   title9 ' ';
25848   title10 "%sysfunc(sasmsg(sashelp.dmine, rpt_fitstat_title  , NOQUOTE))";
25849   run;

NOTE: There were 9 observations read from the data set EMWS2.HPDMFOREST_EMREPORTFIT.
NOTE: The PROCEDURE PRINT printed page 9.
NOTE: PROCEDURE PRINT used (Total process time):
      real time           0.00 seconds
      cpu time            0.00 seconds
      

25850   title10;
25851   options &_cn;

25852   proc sort data=EMWS2.HPDMForest_EMCLASSIFICATION nothreads;
25853   by DATAROLE TARGET TARGETLABEL;
25854   run;

NOTE: There were 8 observations read from the data set EMWS2.HPDMFOREST_EMCLASSIFICATION.
NOTE: The data set EMWS2.HPDMFOREST_EMCLASSIFICATION has 8 observations and 12 variables.
NOTE: PROCEDURE SORT used (Total process time):
      real time           0.00 seconds
      cpu time            0.00 seconds
      

25855   %let _cn = %sysfunc(getoption(CENTER));
25856   options nocenter;
25857   proc print data=EMWS2.HPDMForest_EMCLASSIFICATION noobs label;
25858   var from into pct_row pct_col count percent
25859   ;
25860   by DATAROLE TARGET TARGETLABEL;
25861   label FROM = "%sysfunc(sasmsg(sashelp.dmine, rpt_target_vlabel ,     NOQUOTE))";
25862   label INTO = "%sysfunc(sasmsg(sashelp.dmine, rpt_outcome_vlabel ,    NOQUOTE))";
25863   label PCT_ROW = "%sysfunc(sasmsg(sashelp.dmine, rpt_targetpct_vlabel ,  NOQUOTE))";
25864   label PCT_COL = "%sysfunc(sasmsg(sashelp.dmine, rpt_outcomepct_vlabel , NOQUOTE))";
25865   label COUNT = "%sysfunc(sasmsg(sashelp.dmine, rpt_count_vlabel ,      NOQUOTE))";
25866   label PERCENT = "%sysfunc(sasmsg(sashelp.dmine, rpt_totalpct_vlabel ,   NOQUOTE))";
25867   where _TYPE_='PREDICTION';
25868   title9 ' ';
25869   title10 "%sysfunc(sasmsg(sashelp.dmine, rpt_classification_title    , NOQUOTE))";
25870   run;

NOTE: There were 8 observations read from the data set EMWS2.HPDMFOREST_EMCLASSIFICATION.
      WHERE _TYPE_='PREDICTION';
NOTE: The PROCEDURE PRINT printed page 10.
NOTE: PROCEDURE PRINT used (Total process time):
      real time           0.01 seconds
      cpu time            0.01 seconds
      

25871   title9;
25872   title10;
25873   options &_cn;

25874   %let _cn = %sysfunc(getoption(CENTER));
25875   options nocenter;
25876   data EMWS2.HPDMForest_EMEVENTREPORT;
25877   length DATAROLE TARGET $32 TARGETLABEL $200 FALSENEVENT TRUENEVENT FALSEEVENT TRUEEVENT
25877 !  8;
25878   label DATAROLE = "%sysfunc(sasmsg(sashelp.dmine, rpt_datarole_vlabel ,    NOQUOTE))"
25878 ! TARGET = "%sysfunc(sasmsg(sashelp.dmine, rpt_target_vlabel ,      NOQUOTE))"
25878 ! TARGETLABEL = "%sysfunc(sasmsg(sashelp.dmine, meta_targetlabel_vlabel, NOQUOTE))"
25878 ! FALSEEVENT
25879   = "%sysfunc(sasmsg(sashelp.dmine, rpt_falseevent_vlabel ,  NOQUOTE))" FALSENEVENT =
25879 ! "%sysfunc(sasmsg(sashelp.dmine, rpt_falsenevent_vlabel , NOQUOTE))" TRUEEVENT =
25879 ! "%sysfunc(sasmsg(sashelp.dmine, rpt_trueevent_vlabel ,   NOQUOTE))" TRUENEVENT =
25880      "%sysfunc(sasmsg(sashelp.dmine, rpt_truenevent_vlabel ,  NOQUOTE))";
25881   FALSEEVENT=0;
25882   FALSENEVENT=0;
25883   TRUEEVENT=0;
25884   TRUENEVENT=0;
25885   set EMWS2.HPDMForest_EMEVENTREPORT;
25886   run;

NOTE: There were 2 observations read from the data set EMWS2.HPDMFOREST_EMEVENTREPORT.
NOTE: The data set EMWS2.HPDMFOREST_EMEVENTREPORT has 2 observations and 7 variables.
NOTE: DATA statement used (Total process time):
      real time           0.00 seconds
      cpu time            0.00 seconds
      

25887   proc print data=EMWS2.HPDMForest_EMEVENTREPORT noobs label;
25888   title9 ' ';
25889   title10 "%sysfunc(sasmsg(sashelp.dmine, rpt_eventtable_title    , NOQUOTE))";
25890   by notsorted DATAROLE notsorted TARGET notsorted TARGETLABEL;
25891   run;

NOTE: There were 2 observations read from the data set EMWS2.HPDMFOREST_EMEVENTREPORT.
NOTE: The PROCEDURE PRINT printed page 11.
NOTE: PROCEDURE PRINT used (Total process time):
      real time           0.00 seconds
      cpu time            0.00 seconds
      

25892   title10;
25893   options &_cn;

25894   proc datasets library=EMWS2 nolist;
25895   modify HPDMForest_EMRANK;
25896   label target = "%sysfunc(sasmsg(sashelp.dmine, rpt_targetvar_vlabel ,   NOQUOTE))";
25897   label datarole = "%sysfunc(sasmsg(sashelp.dmine, rpt_datarole_vlabel ,    NOQUOTE))";
25898   run;

NOTE: MODIFY was successful for EMWS2.HPDMFOREST_EMRANK.DATA.
25899   quit;

NOTE: PROCEDURE DATASETS used (Total process time):
      real time           0.00 seconds
      cpu time            0.00 seconds
      

25900   %let _cn = %sysfunc(getoption(CENTER));
25901   options nocenter;
25902   proc print data=EMWS2.HPDMForest_EMRANK label noobs;
25903   var
25904   decile gain lift liftc resp respc N _meanP_;
25905   by
25906   notsorted DATAROLE
25907   notsorted TARGET
25908   notsorted TARGETLABEL
25909   ;
25910   title9 ' ';
25911   title10 "%sysfunc(sasmsg(sashelp.dmine, rpt_scoreranking_title , NOQUOTE))";
25912   run;

NOTE: There were 40 observations read from the data set EMWS2.HPDMFOREST_EMRANK.
NOTE: The PROCEDURE PRINT printed page 12.
NOTE: PROCEDURE PRINT used (Total process time):
      real time           0.00 seconds
      cpu time            0.00 seconds
      

25913   title10;
25914   options &_cn;

25915   proc datasets library=EMWS2 nolist;
25916   modify HPDMForest_EMSCOREDIST;
25917   label target = "%sysfunc(sasmsg(sashelp.dmine, rpt_targetvar_vlabel ,      NOQUOTE))";
25918   label datarole = "%sysfunc(sasmsg(sashelp.dmine, rpt_datarole_vlabel ,    NOQUOTE))";
25919   run;

NOTE: MODIFY was successful for EMWS2.HPDMFOREST_EMSCOREDIST.DATA.
25920   quit;

NOTE: PROCEDURE DATASETS used (Total process time):
      real time           0.01 seconds
      cpu time            0.01 seconds
      

