 
                                                                                                                                                                                                                                                                
 
 
Variable Summary

          Measurement    Frequency
Role         Level         Count

ID         INTERVAL          2    
INPUT      INTERVAL          8    
INPUT      NOMINAL           6    
TARGET     NOMINAL           1    
 
                                                                                                                                                                                                                                                                
 
 
Model Events

                                  Number
                   Measurement      of
Target    Event       Level       Levels      Order       Label

Churn     TRUE       NOMINAL         2      Descending         
 
                                                                                                                                                                                                                                                                
 
 
Predicted and decision variables

Type         Variable        Label

TARGET       Churn                                 
PREDICTED    P_Churntrue     Predicted: Churn=true 
RESIDUAL     R_Churntrue     Residual: Churn=true  
PREDICTED    P_Churnfalse    Predicted: Churn=false
RESIDUAL     R_Churnfalse    Residual: Churn=false 
FROM         F_Churn         From: Churn           
INTO         I_Churn         Into: Churn           
 
                                                                                                                                                                                                                                                                
 
 

The HPFOREST Procedure

      Performance Information

Execution Mode       Single-Machine
Number of Threads    4             


                 Data Access Information
 
Data                         Engine    Role     Path

WORK.HPDMFOREST_TRAINDATA    V9        Input    On Client


                   Model Information
 
Parameter                          Value

Variables to Try                       4    (Default)  
Maximum Trees                        100               
Inbag Fraction                       0.6               
Prune Fraction                         0    (Default)  
Prune Threshold                      0.1    (Default)  
Leaf Fraction                    0.00001    (Default)  
Leaf Size Setting                      1    (Default)  
Leaf Size Used                         1               
Category Bins                         30               
Interval Bins                        100               
Minimum Category Size                  5               
Node Size                         100000    (Default)  
Maximum Depth                         50               
Alpha                               0.05               
Exhaustive                          5000               
Rows of Sequence to Skip               5    (Default)  
Split Criterion                        .    Gini       
Preselection Method                    .    Loh        
Missing Value Handling                 .    Valid value


                          Number of Observations
 
Type                                 NTrain          NValid          NTotal

Number of Observations Read            3939            1691            5630
Number of Observations Used            3939            1691            5630


               Baseline Fit Statistics
 
Statistic                        Value      Validation

Average Square Error             0.140           0.140
Misclassification Rate           0.168           0.169
Log Loss                         0.453           0.454


                                                                    Fit Statistics
 
                          Average    Average    Average
                           Square     Square     Square    Misclassification    Misclassification    Misclassification        Log       Log        Log
   Number       Number      Error      Error      Error                 Rate                 Rate                 Rate       Loss      Loss       Loss
 of Trees    of Leaves    (Train)      (OOB)    (Valid)              (Train)                (OOB)              (Valid)    (Train)     (OOB)    (Valid)

        1           31     0.1044     0.1157     0.1049                0.146                0.166                0.150      0.329     0.359      0.330
        2           61     0.0896     0.1114     0.0915                0.136                0.158                0.141      0.295     0.389      0.301
        3           77     0.0910     0.1085     0.0915                0.128                0.151                0.123      0.301     0.372      0.304
        4          114     0.0855     0.1006     0.0862                0.127                0.143                0.118      0.284     0.352      0.288
        5          156     0.0810     0.0986     0.0808                0.116                0.137                0.108      0.271     0.363      0.273
        6          186     0.0800     0.0963     0.0787                0.113                0.135                0.103      0.268     0.347      0.268
        7          226     0.0792     0.0954     0.0789                0.113                0.139                0.109      0.265     0.339      0.269
        8          270     0.0783     0.0936     0.0781                0.111                0.136                0.110      0.263     0.328      0.267
        9          298     0.0783     0.0920     0.0778                0.110                0.133                0.108      0.263     0.322      0.265
       10          326     0.0783     0.0917     0.0775                0.108                0.134                0.109      0.263     0.311      0.265
       11          353     0.0784     0.0908     0.0776                0.109                0.132                0.114      0.264     0.304      0.266
       12          384     0.0790     0.0910     0.0785                0.110                0.131                0.113      0.266     0.305      0.269
       13          411     0.0790     0.0909     0.0784                0.110                0.131                0.112      0.266     0.305      0.268
       14          429     0.0794     0.0907     0.0783                0.110                0.129                0.112      0.267     0.304      0.268
       15          448     0.0795     0.0901     0.0780                0.111                0.128                0.111      0.267     0.303      0.268
       16          478     0.0793     0.0894     0.0780                0.109                0.127                0.111      0.266     0.301      0.267
       17          504     0.0796     0.0893     0.0783                0.109                0.126                0.108      0.267     0.301      0.268
       18          539     0.0795     0.0889     0.0780                0.110                0.127                0.106      0.267     0.300      0.267
       19          568     0.0793     0.0887     0.0774                0.108                0.127                0.106      0.267     0.299      0.266
       20          603     0.0788     0.0880     0.0770                0.107                0.124                0.105      0.265     0.298      0.265
       21          634     0.0789     0.0879     0.0770                0.109                0.123                0.107      0.266     0.298      0.265
       22          643     0.0794     0.0881     0.0775                0.110                0.123                0.109      0.268     0.294      0.267
       23          654     0.0803     0.0886     0.0784                0.111                0.124                0.109      0.270     0.295      0.269
       24          664     0.0809     0.0888     0.0788                0.112                0.124                0.109      0.272     0.296      0.270
       25          704     0.0806     0.0887     0.0785                0.110                0.123                0.110      0.271     0.296      0.270
       26          740     0.0803     0.0882     0.0782                0.109                0.124                0.109      0.271     0.294      0.269
       27          769     0.0800     0.0879     0.0778                0.108                0.124                0.106      0.270     0.293      0.268
       28          807     0.0796     0.0874     0.0774                0.109                0.123                0.108      0.269     0.293      0.267
       29          835     0.0796     0.0873     0.0771                0.108                0.123                0.108      0.269     0.293      0.267
       30          870     0.0793     0.0871     0.0771                0.107                0.122                0.105      0.269     0.292      0.266
       31          897     0.0793     0.0871     0.0773                0.106                0.121                0.106      0.269     0.292      0.267
       32          926     0.0792     0.0869     0.0771                0.107                0.122                0.106      0.268     0.291      0.266
       33          969     0.0789     0.0866     0.0770                0.109                0.122                0.108      0.267     0.290      0.266
       34          983     0.0790     0.0866     0.0770                0.108                0.121                0.110      0.267     0.290      0.266
       35         1010     0.0789     0.0866     0.0768                0.107                0.120                0.110      0.267     0.290      0.265
       36         1029     0.0790     0.0867     0.0768                0.106                0.119                0.109      0.268     0.291      0.265
       37         1047     0.0794     0.0870     0.0774                0.106                0.121                0.108      0.269     0.291      0.267
       38         1064     0.0799     0.0873     0.0778                0.108                0.122                0.111      0.271     0.293      0.268
       39         1089     0.0799     0.0872     0.0778                0.107                0.121                0.109      0.271     0.292      0.269
       40         1122     0.0799     0.0871     0.0779                0.109                0.121                0.109      0.271     0.292      0.269
       41         1148     0.0800     0.0871     0.0779                0.109                0.121                0.111      0.271     0.292      0.269
       42         1179     0.0799     0.0870     0.0780                0.108                0.120                0.109      0.271     0.292      0.269
       43         1207     0.0801     0.0870     0.0781                0.108                0.121                0.109      0.271     0.292      0.269
       44         1217     0.0804     0.0873     0.0784                0.109                0.121                0.109      0.272     0.293      0.270
       45         1248     0.0802     0.0872     0.0782                0.108                0.122                0.110      0.271     0.292      0.269
       46         1277     0.0801     0.0871     0.0780                0.108                0.121                0.109      0.271     0.292      0.269
       47         1318     0.0799     0.0871     0.0780                0.107                0.122                0.110      0.270     0.292      0.268
       48         1343     0.0799     0.0870     0.0780                0.107                0.121                0.110      0.270     0.292      0.268
       49         1372     0.0798     0.0870     0.0778                0.106                0.121                0.109      0.270     0.291      0.268
       50         1403     0.0798     0.0870     0.0778                0.108                0.120                0.111      0.270     0.291      0.268
       51         1441     0.0797     0.0869     0.0778                0.109                0.120                0.110      0.270     0.291      0.268
       52         1464     0.0798     0.0869     0.0779                0.109                0.121                0.111      0.270     0.291      0.268
       53         1483     0.0799     0.0870     0.0779                0.109                0.122                0.111      0.271     0.292      0.269
       54         1516     0.0798     0.0869     0.0779                0.109                0.122                0.111      0.270     0.291      0.268
       55         1541     0.0799     0.0871     0.0778                0.109                0.122                0.111      0.271     0.292      0.268
       56         1572     0.0801     0.0873     0.0781                0.109                0.122                0.110      0.271     0.292      0.269
       57         1595     0.0801     0.0873     0.0781                0.109                0.122                0.110      0.271     0.292      0.269
       58         1626     0.0801     0.0873     0.0782                0.108                0.122                0.110      0.271     0.292      0.269
       59         1653     0.0801     0.0874     0.0781                0.110                0.123                0.109      0.271     0.293      0.269
       60         1684     0.0801     0.0873     0.0781                0.109                0.121                0.110      0.271     0.292      0.269
       61         1710     0.0801     0.0873     0.0780                0.109                0.121                0.111      0.271     0.292      0.269
       62         1745     0.0800     0.0873     0.0780                0.109                0.121                0.112      0.271     0.292      0.269
       63         1764     0.0802     0.0874     0.0781                0.110                0.121                0.111      0.272     0.292      0.269
       64         1791     0.0802     0.0874     0.0781                0.110                0.120                0.111      0.271     0.292      0.269
       65         1808     0.0804     0.0875     0.0782                0.110                0.120                0.112      0.272     0.293      0.269
       66         1828     0.0805     0.0876     0.0783                0.109                0.120                0.112      0.272     0.293      0.269
       67         1855     0.0806     0.0876     0.0785                0.109                0.120                0.111      0.273     0.293      0.270
       68         1884     0.0806     0.0876     0.0786                0.108                0.122                0.109      0.273     0.293      0.270
       69         1936     0.0804     0.0875     0.0785                0.109                0.122                0.111      0.272     0.293      0.270
       70         1977     0.0803     0.0874     0.0784                0.107                0.122                0.110      0.272     0.293      0.270
       71         2009     0.0803     0.0874     0.0785                0.109                0.122                0.111      0.272     0.293      0.270
       72         2045     0.0802     0.0873     0.0784                0.109                0.122                0.109      0.272     0.293      0.270
       73         2083     0.0802     0.0873     0.0784                0.110                0.122                0.110      0.272     0.293      0.269
       74         2117     0.0802     0.0873     0.0783                0.110                0.121                0.112      0.271     0.293      0.269
       75         2144     0.0802     0.0874     0.0783                0.109                0.120                0.112      0.271     0.293      0.269
       76         2185     0.0800     0.0873     0.0784                0.108                0.120                0.112      0.271     0.292      0.269
       77         2228     0.0800     0.0873     0.0785                0.109                0.121                0.112      0.271     0.292      0.270
       78         2259     0.0800     0.0873     0.0784                0.109                0.121                0.111      0.271     0.292      0.269
       79         2288     0.0800     0.0873     0.0786                0.110                0.121                0.112      0.271     0.293      0.270
       80         2322     0.0799     0.0873     0.0786                0.109                0.121                0.111      0.271     0.293      0.270
       81         2339     0.0801     0.0874     0.0787                0.110                0.121                0.112      0.271     0.293      0.270
       82         2377     0.0800     0.0874     0.0786                0.110                0.121                0.112      0.271     0.293      0.270
       83         2409     0.0800     0.0874     0.0788                0.109                0.121                0.112      0.272     0.293      0.271
       84         2433     0.0802     0.0875     0.0790                0.110                0.123                0.111      0.272     0.294      0.271
       85         2464     0.0802     0.0875     0.0790                0.110                0.122                0.112      0.272     0.294      0.271
       86         2500     0.0802     0.0875     0.0790                0.110                0.123                0.112      0.272     0.294      0.272
       87         2536     0.0802     0.0875     0.0790                0.110                0.123                0.113      0.272     0.294      0.272
       88         2572     0.0801     0.0874     0.0790                0.110                0.124                0.114      0.272     0.293      0.272
       89         2599     0.0800     0.0874     0.0789                0.110                0.123                0.113      0.272     0.293      0.271
       90         2612     0.0801     0.0874     0.0790                0.110                0.123                0.113      0.272     0.293      0.272
       91         2648     0.0801     0.0873     0.0790                0.109                0.122                0.112      0.272     0.293      0.272
       92         2686     0.0800     0.0873     0.0790                0.109                0.122                0.111      0.272     0.293      0.272
       93         2723     0.0800     0.0872     0.0789                0.111                0.122                0.112      0.272     0.293      0.271
       94         2745     0.0800     0.0872     0.0789                0.109                0.122                0.111      0.272     0.293      0.271
       95         2772     0.0800     0.0872     0.0789                0.108                0.122                0.111      0.272     0.293      0.271
       96         2811     0.0799     0.0871     0.0789                0.109                0.122                0.111      0.271     0.293      0.271
       97         2837     0.0800     0.0872     0.0789                0.110                0.122                0.111      0.272     0.293      0.271
       98         2861     0.0800     0.0872     0.0790                0.109                0.122                0.111      0.272     0.293      0.272
       99         2904     0.0799     0.0872     0.0789                0.109                0.122                0.111      0.271     0.293      0.271
      100         2927     0.0799     0.0872     0.0788                0.110                0.123                0.111      0.271     0.293      0.271


                                      Loss Reduction Variable Importance
 
                                 Number                     OOB       Valid                     OOB       Valid
Variable                       of Rules        Gini        Gini        Gini      Margin      Margin      Margin

Tenure                              421    0.040888     0.03852     0.05161    0.081777    0.079346     0.09318
Complain                            263    0.014102     0.01185     0.01743    0.028203    0.025545     0.03195
PreferedOrderCat                    293    0.008982     0.00629     0.00852    0.017963    0.015353     0.01903
DaySinceLastOrder                   277    0.007033     0.00431     0.00236    0.014067    0.011139     0.00963
MaritalStatus                       220    0.005257     0.00344     0.00427    0.010513    0.009241     0.01007
SatisfactionScore                   270    0.004411     0.00160     0.00067    0.008821    0.005929     0.00454
CityTier                            206    0.002527     0.00153     0.00129    0.005055    0.003804     0.00362
PreferredPaymentMode                238    0.004307     0.00108     0.00084    0.008615    0.005612     0.00545
OrderCount                           97    0.001138     0.00039     0.00000    0.002276    0.001317     0.00105
PreferredLoginDevice                111    0.001323     0.00022     0.00074    0.002646    0.001520     0.00215
CouponUsed                          146    0.001634    -0.00008    -0.00080    0.003267    0.001539     0.00096
OrderAmountHikeFromlastYear         159    0.001652    -0.00017    -0.00034    0.003303    0.001261     0.00127
HourSpendOnApp                       40    0.000411    -0.00025    -0.00035    0.000823    0.000092    -0.00001
Gender                               86    0.000849    -0.00029    -0.00014    0.001697    0.000434     0.00071


         Procedure Task Timing
 
Task                 Seconds     Percent

Reading Data            0.02      2.90% 
Training Forest         0.50     97.10% 
Saving Model            0.00      0.00% 
 
                                                                                                                                                                                                                                                                
 
 

            Key Information

2811268DB06E83575ABD0C6737238F67CC1E4A8D


         Basic Information

Procedure Name    hpforest          
Timestamp         07Jan2024:01:57:49


                             Input variables

CityTier                                  8    Input             Numeric  
CouponUsed                                8    Input             Numeric  
DaySinceLastOrder                         8    Input             Numeric  
HourSpendOnApp                            8    Input             Numeric  
OrderAmountHikeFromlastYear               8    Input             Numeric  
OrderCount                                8    Input             Numeric  
SatisfactionScore                         8    Input             Numeric  
Tenure                                    8    Input             Numeric  
Complain                                  5    Input    Class    Character
Gender                                    6    Input    Class    Character
MaritalStatus                             8    Input    Class    Character
PreferedOrderCat                         18    Input    Class    Character
PreferredLoginDevice                     12    Input    Class    Character
PreferredPaymentMode                     11    Input    Class    Character


                         Output variables

P_ChurnTRUE                8    Numeric      Predicted: Churn=TRUE 
P_ChurnFALSE               8    Numeric      Predicted: Churn=FALSE
I_Churn                   32    Character    Into: Churn           
_WARN_                     4    Character    Warnings              
