*------------------------------------------------------------*
* Report Log
Date:                January 07, 2024
Time:                01:37:27
*------------------------------------------------------------*
16625  %let EMEXCEPTIONSTRING=;
16626  *------------------------------------------------------------*;
16627  * REPORT: FIMPORT;
16628  *------------------------------------------------------------*;
16629  %let EM_ACTION = REPORT;
16630  %let syscc = 0;
16631  /* Fimport.source */
16632  %macro main;
16633        %if %upcase(&EM_ACTION) = CREATE %then %do;
16634           filename temp catalog 'sashelp.emsamp.Fimport_create.source';
16635           %include temp;
16636           filename temp;
16637           %create;
16638        %end;
16639        %else
16640        %if %upcase(&EM_ACTION) = TRAIN %then %do;
16641           filename temp catalog 'sashelp.emsamp.Fimport_train.source';
16642           %include temp;
16643           filename temp;
16644           %train;
16645        %end;
16646        %else
16647        %if %upcase(&EM_ACTION) = UPDATE %then %do;
16648           filename temp catalog 'sashelp.emsamp.Fimport_update.source';
16649           %include temp;
16650           filename temp;
16651           %update;
16652        %end;
16653        %else
16654        %if %upcase(&EM_ACTION) = PROPERTY %then %do;
16655           filename temp catalog 'sashelp.emsamp.Fimport_actions.source';
16656           %include temp;
16657           filename temp;
16658           %property;
16659        %end;
16660         %else
16661        %if %upcase(&EM_ACTION) = SCORE %then %do;
16662           filename temp catalog 'sashelp.emsamp.Fimport_score.source';
16663           %include temp;
16664           filename temp;
16665           %score;
16666        %end;
16667        %else
16668        %if %upcase(&EM_ACTION) = REPORT %then %do;
16669           filename temp catalog 'sashelp.emsamp.Fimport_report.source';
16670           %include temp;
16671           filename temp;
16672           %report;
16673        %end;
16674        %else
16675        %if %upcase(&EM_ACTION) = OPENVARIABLESET %then %do;
16676           filename temp catalog 'sashelp.emsamp.Fimport_actions.source';
16677           %include temp;
16678           filename temp;
16679           %openvariableset;
16680        %end;
16681        %else
16682        %if %upcase(&EM_ACTION) = CLOSEVARIABLESET %then %do;
16683           filename temp catalog 'sashelp.emsamp.Fimport_actions.source';
16684           %include temp;
16685           filename temp;
16686           %closevariableset;
16687        %end;
16688  %mend main;
16689  %main;
NOTE: %INCLUDE (level 1) file TEMP is file SASHELP.EMSAMP.FIMPORT_REPORT.SOURCE.
16690 +%macro report;
16691 +    %em_getname(key=EMSTAT,     type=DATA);
16692 +    %em_getname(key=EMINFO,     type=DATA);
16693 +    %em_getname(key=CLASS,      type=DATA);
16694 +    %em_getname(key=INTERVAL,   type=DATA);
16695 +
16696 +    %em_REPORT(key=EMSTAT,   viewtype=DATA, description=EMSTAT, block=Report, autodisplay=Y);
16697 +    %em_REPORT(key=INTERVAL, viewtype=LATTICE, LATTICETYPE=HISTOGRAM, LATTICEX=VARIABLE, DISCRETEX=Y, X=VALUE,FREQ=PERCENT,block=Report, description=INTERVALTARGET, autodisplay=N);
16698 +    %em_REPORT(key=CLASS, viewtype=LATTICE, LATTICEtype=BAR, LATTICEX=VARIABLE, X=VALUE,FREQ=PERCENT, block=Report, description=CLASSTARGET, autodisplay=Y);
16699 +
16700 +    %if &em_property_summarize eq Y %then %do;
16701 +        filename temp catalog 'sashelp.emmeta.emadvisestatistics.source';
16702 +        %include temp;
16703 +        filename temp;
16704 +
16705 +        data work.tempmeta;
16706 +           set &em_lib..&em_nodeid._CMETA_TRAIN;
16707 +           if ROLE='TARGET' and LEVEL ne 'INTERVAL' then output;
16708 +         run;
16709 +
16710 +        %class_profile(DATA=&em_export_train, OUTPUT=&em_user_class, VARS=,
16711 +                      METADATA=tempmeta, STAT=_STAT, FREQ=);
16712 +
16713 +         data work.tempmeta;
16714 +           set &em_lib..&em_nodeid._CMETA_TRAIN;
16715 +            if ROLE='TARGET' and LEVEL eq 'INTERVAL' then output;
16716 +         run;
16717 +         %var_profile(DATA=&em_export_train, OUTPUT=&em_user_INTERVAL, VARS=, METADATA=tempmeta, COMPUTESTAT=Y, STAT=_STAT, FREQ=,
16718 +                   BINDATA=, BIN=Y, NUMBARS=8, MINMAX=N);
16719 +
16720 +        data work.tempmeta;
16721 +           set &em_lib..&em_nodeid._CMETA_TRAIN;
16722 +        run;
16723 +
16724 +        %if "&em_property_advancedadvisor" eq "N" %then %do;
16725 +            %EmAdviseStat(&em_export_train, maxClassLevels=32, metadata=tempmeta, statisticData=&em_user_emstat);
16726 +
16727 +            data &em_data_exportset;
16728 +                 set &em_data_exportset;
16729 +                 if NODEPORT='TRAIN' then do;
16730 +                    EMINFO="&em_data_eminfo";
16731 +                    EMINFOMODTIME=datetime();
16732 +                 end;
16733 +            run;
16734 +        %end;
16735 +        %else %do;
16736 +            %em_getname(key=EMSTATDEFAULT,     type=DATA);
16737 +            %if %sysfunc(exist(&em_user_emstatdefault)) %then %do;
16738 +                data &em_user_emstat /  view=&em_user_emstat;
16739 +                   set &em_user_emstatdefault;
16740 +                run;
16741 +            %end;
16742 +        %end;
16743 +    %end;
16744 +    %else %do;
16745 +        %if "&em_property_advancedadvisor" eq "N" %then %do;
16746 +            proc datasets lib=&em_lib nolist;
16747 +               delete &em_nodeid._EMINFO;
16748 +            run;
16749 +            quit;
16750 +            data &em_data_exportset;
16751 +                 set &em_data_exportset;
16752 +                 if NODEPORT='TRAIN' then do;
16753 +                    EMINFO="";
16754 +                    EMINFOMODTIME=.;
16755 +                 end;
16756 +            run;
16757 +        %end;
16758 +    %end;
16759 +
16760 +    data &em_data_exportset;
16761 +       set &em_data_exportset;
16762 +       if NODEPORT='TRAIN' then do;
16763 +          ROLE="&em_property_role";
16764 +       end;
16765 +    run;
16766 +
16767 +    %if %sysfunc(exist(&em_data_variableSet)) %then %do;
16768 +        proc freq data=&em_data_variableset noprint;
16769 +             table ROLE*LEVEL/out=work.tempMeta;
16770 +        run;
16771 +        proc print data=work.tempmeta label noobs;
16772 +           var ROLE LEVEL COUNT;
16773 +           label ROLE  = "%sysfunc(sasmsg(sashelp.dmine, meta_role_vlabel, NOQUOTE))"
16774 +                 LEVEL = "%sysfunc(sasmsg(sashelp.dmine, meta_level_vlabel, NOQUOTE))"
16775 +                 COUNT = "%sysfunc(sasmsg(sashelp.dmine, rpt_count_vlabel, NOQUOTE))";
16776 +        title9  ' ';
16777 +        title10  "%sysfunc(sasmsg(sashelp.dmine, rpt_exptattributes_title, NOQUOTE, TRAIN))";
16778 +        run;
16779 +        title10;
16780 +    %end;
16781 +
16782 +    %if %sysfunc(exist(work.tempmeta)) %then %do;
16783 +        proc datasets lib=work nolist;
16784 +           delete tempmeta;
16785 +        run;
16786 +        quit;
16787 +    %end;
16788 +
16789 +%mend report;
16790 +
16791 +
16792 +
16793 +
16794 +
16795 +
16796 +
16797 +
16798 +
16799 +
16800 +
16801 +
16802 +
16803 +
16804 +
16805 +
16806 +
16807 +
16808 +
16809 +
16810 +
16811 +
16812 +
16813 +
16814 +
16815 +
16816 +
16817 +
16818 +
16819 +
16820 +
16821 +
16822 +
16823 +
16824 +
16825 +
16826 +
16827 +
16828 +
16829 +
16830 +
16831 +
16832 +
16833 +
16834 +
16835 +
16836 +
16837 +
NOTE: %INCLUDE (level 1) ending.
NOTE: Fileref TEMP has been deassigned.

NOTE: The data set WORK.EM_USER_REPORT has 132 observations and 4 variables.
NOTE: DATA statement used (Total process time):
      real time           0.02 seconds
      cpu time            0.01 seconds
      


NOTE: There were 132 observations read from the data set WORK.EM_USER_REPORT.
NOTE: The data set WORK.EM_USER_REPORT has 264 observations and 4 variables.
NOTE: DATA statement used (Total process time):
      real time           0.01 seconds
      cpu time            0.00 seconds
      


NOTE: There were 264 observations read from the data set WORK.EM_USER_REPORT.
NOTE: The data set WORK.EM_USER_REPORT has 396 observations and 4 variables.
NOTE: DATA statement used (Total process time):
      real time           0.02 seconds
      cpu time            0.00 seconds
      


NOTE: The file EMWS2.FIMPORT_EMINFO (memtype=DATA) was not found, but appears on a DELETE statement.

NOTE: PROCEDURE DATASETS used (Total process time):
      real time           0.00 seconds
      cpu time            0.00 seconds
      


NOTE: There were 6 observations read from the data set EMWS2.FIMPORT_EXPORTSET.
NOTE: The data set EMWS2.FIMPORT_EXPORTSET has 6 observations and 18 variables.
NOTE: DATA statement used (Total process time):
      real time           0.00 seconds
      cpu time            0.00 seconds
      


NOTE: There were 6 observations read from the data set EMWS2.FIMPORT_EXPORTSET.
NOTE: The data set EMWS2.FIMPORT_EXPORTSET has 6 observations and 18 variables.
NOTE: DATA statement used (Total process time):
      real time           0.00 seconds
      cpu time            0.00 seconds
      


NOTE: There were 16 observations read from the data set EMWS2.FIMPORT_VARIABLESET.
NOTE: The data set WORK.TEMPMETA has 4 observations and 4 variables.
NOTE: PROCEDURE FREQ used (Total process time):
      real time           0.03 seconds
      cpu time            0.00 seconds
      


NOTE: There were 4 observations read from the data set WORK.TEMPMETA.
NOTE: The PROCEDURE PRINT printed page 3.
NOTE: PROCEDURE PRINT used (Total process time):
      real time           0.01 seconds
      cpu time            0.00 seconds
      


NOTE: Deleting WORK.TEMPMETA (memtype=DATA).

NOTE: PROCEDURE DATASETS used (Total process time):
      real time           0.00 seconds
      cpu time            0.00 seconds
      

16838  *------------------------------------------------------------*;
16839  * End REPORT: FIMPORT;
16840  *------------------------------------------------------------*;

16841  /* Reset EM Options */
16842  options formchar="|----|+|---+=|-/\<>*";
16843  options nocenter ls=256 ps=10000;
16844  goptions reset=all device=GIF NODISPLAY;

16845  proc sort data=WORK.EM_USER_REPORT;
16846  by ID VIEW;
16847  run;

NOTE: There were 396 observations read from the data set WORK.EM_USER_REPORT.
NOTE: The data set WORK.EM_USER_REPORT has 396 observations and 4 variables.
NOTE: PROCEDURE SORT used (Total process time):
      real time           0.00 seconds
      cpu time            0.00 seconds
      

